Started GET "/" for ::1 at 2021-11-05 12:29:27 +0100
  [1m[35m (3.3ms)[0m  [1m[34mSELECT sqlite_version(*)[0m
Processing by Rails::WelcomeController#index as HTML
  Rendering /home/maki/.rbenv/versions/2.7.2/lib/ruby/gems/2.7.0/gems/railties-6.1.4.1/lib/rails/templates/rails/welcome/index.html.erb
  Rendered /home/maki/.rbenv/versions/2.7.2/lib/ruby/gems/2.7.0/gems/railties-6.1.4.1/lib/rails/templates/rails/welcome/index.html.erb (Duration: 6.9ms | Allocations: 514)
Completed 200 OK in 20ms (Views: 10.9ms | ActiveRecord: 0.0ms | Allocations: 3740)


Started GET "/cars" for ::1 at 2021-11-05 12:38:51 +0100
  
ActionController::RoutingError (No route matches [GET] "/cars"):
  
Started GET "/" for ::1 at 2021-11-05 12:46:01 +0100
Processing by Rails::WelcomeController#index as HTML
  Rendering /home/maki/.rbenv/versions/2.7.2/lib/ruby/gems/2.7.0/gems/railties-6.1.4.1/lib/rails/templates/rails/welcome/index.html.erb
  Rendered /home/maki/.rbenv/versions/2.7.2/lib/ruby/gems/2.7.0/gems/railties-6.1.4.1/lib/rails/templates/rails/welcome/index.html.erb (Duration: 3.8ms | Allocations: 219)
Completed 200 OK in 5ms (Views: 4.4ms | Allocations: 908)


Started GET "/" for ::1 at 2021-11-05 12:46:02 +0100
Processing by Rails::WelcomeController#index as HTML
  Rendering /home/maki/.rbenv/versions/2.7.2/lib/ruby/gems/2.7.0/gems/railties-6.1.4.1/lib/rails/templates/rails/welcome/index.html.erb
  Rendered /home/maki/.rbenv/versions/2.7.2/lib/ruby/gems/2.7.0/gems/railties-6.1.4.1/lib/rails/templates/rails/welcome/index.html.erb (Duration: 0.2ms | Allocations: 49)
Completed 200 OK in 1ms (Views: 0.5ms | Allocations: 346)


Started GET "/" for ::1 at 2021-11-05 12:47:14 +0100
Processing by Rails::WelcomeController#index as HTML
  Rendering /home/maki/.rbenv/versions/2.7.2/lib/ruby/gems/2.7.0/gems/railties-6.1.4.1/lib/rails/templates/rails/welcome/index.html.erb
  Rendered /home/maki/.rbenv/versions/2.7.2/lib/ruby/gems/2.7.0/gems/railties-6.1.4.1/lib/rails/templates/rails/welcome/index.html.erb (Duration: 10.2ms | Allocations: 223)
Completed 200 OK in 11ms (Views: 10.8ms | Allocations: 836)


Started GET "/" for ::1 at 2021-11-05 12:47:15 +0100
Processing by Rails::WelcomeController#index as HTML
  Rendering /home/maki/.rbenv/versions/2.7.2/lib/ruby/gems/2.7.0/gems/railties-6.1.4.1/lib/rails/templates/rails/welcome/index.html.erb
  Rendered /home/maki/.rbenv/versions/2.7.2/lib/ruby/gems/2.7.0/gems/railties-6.1.4.1/lib/rails/templates/rails/welcome/index.html.erb (Duration: 0.2ms | Allocations: 48)
Completed 200 OK in 1ms (Views: 0.5ms | Allocations: 340)


Started GET "/articles" for ::1 at 2021-11-05 12:47:32 +0100
Processing by ArticlesController#index as HTML
  Rendering layout layouts/application.html.erb
  Rendering articles/index.html.erb within layouts/application
  Rendered articles/index.html.erb within layouts/application (Duration: 0.2ms | Allocations: 108)
[Webpacker] Compiling...
[Webpacker] Compiled all packs in /home/maki/ruby-exercises/ruby_apps/blog/blog/public/packs
[Webpacker] Hash: e2a8a876c5815bee1e21
Version: webpack 4.46.0
Time: 1536ms
Built at: 11/05/2021 12:47:35 PM
                                     Asset       Size       Chunks                         Chunk Names
    js/application-e421b4aa3f716bebdab1.js    125 KiB  application  [emitted] [immutable]  application
js/application-e421b4aa3f716bebdab1.js.map    139 KiB  application  [emitted] [dev]        application
                             manifest.json  364 bytes               [emitted]              
Entrypoint application = js/application-e421b4aa3f716bebdab1.js js/application-e421b4aa3f716bebdab1.js.map
[./app/javascript/channels sync recursive _channel\.js$] ./app/javascript/channels sync _channel\.js$ 160 bytes {application} [built]
[./app/javascript/channels/index.js] 211 bytes {application} [built]
[./app/javascript/packs/application.js] 492 bytes {application} [built]
[./node_modules/webpack/buildin/module.js] (webpack)/buildin/module.js 552 bytes {application} [built]
    + 3 hidden modules

  Rendered layout layouts/application.html.erb (Duration: 3558.9ms | Allocations: 17212)
Completed 200 OK in 3561ms (Views: 3560.6ms | Allocations: 18279)


Started GET "/" for ::1 at 2021-11-05 12:49:00 +0100
Processing by ArticlesController#index as HTML
  Rendering layout layouts/application.html.erb
  Rendering articles/index.html.erb within layouts/application
  Rendered articles/index.html.erb within layouts/application (Duration: 0.1ms | Allocations: 38)
[Webpacker] Everything's up-to-date. Nothing to do
  Rendered layout layouts/application.html.erb (Duration: 11.2ms | Allocations: 2987)
Completed 200 OK in 12ms (Views: 11.8ms | Allocations: 3484)


Started GET "/" for ::1 at 2021-11-05 12:49:02 +0100
Processing by ArticlesController#index as HTML
  Rendering layout layouts/application.html.erb
  Rendering articles/index.html.erb within layouts/application
  Rendered articles/index.html.erb within layouts/application (Duration: 0.1ms | Allocations: 38)
[Webpacker] Everything's up-to-date. Nothing to do
  Rendered layout layouts/application.html.erb (Duration: 2.6ms | Allocations: 3006)
Completed 200 OK in 3ms (Views: 2.9ms | Allocations: 3382)


Started GET "/" for ::1 at 2021-11-05 12:49:15 +0100
Processing by ArticlesController#index as HTML
  Rendering layout layouts/application.html.erb
  Rendering articles/index.html.erb within layouts/application
  Rendered articles/index.html.erb within layouts/application (Duration: 0.1ms | Allocations: 38)
[Webpacker] Everything's up-to-date. Nothing to do
  Rendered layout layouts/application.html.erb (Duration: 3.7ms | Allocations: 3005)
Completed 200 OK in 4ms (Views: 4.1ms | Allocations: 3379)


Started GET "/" for ::1 at 2021-11-05 12:49:25 +0100
Processing by ArticlesController#index as HTML
  Rendering layout layouts/application.html.erb
  Rendering articles/index.html.erb within layouts/application
  Rendered articles/index.html.erb within layouts/application (Duration: 0.1ms | Allocations: 38)
[Webpacker] Everything's up-to-date. Nothing to do
  Rendered layout layouts/application.html.erb (Duration: 2.8ms | Allocations: 3006)
Completed 200 OK in 3ms (Views: 3.1ms | Allocations: 3381)


  [1m[35m (0.3ms)[0m  [1m[34mSELECT sqlite_version(*)[0m
  [1m[35m (6.5ms)[0m  [1m[35mCREATE TABLE "schema_migrations" ("version" varchar NOT NULL PRIMARY KEY)[0m
  [1m[35m (20.9ms)[0m  [1m[35mCREATE TABLE "ar_internal_metadata" ("key" varchar NOT NULL PRIMARY KEY, "value" varchar, "created_at" datetime(6) NOT NULL, "updated_at" datetime(6) NOT NULL)[0m
  [1m[35m (0.1ms)[0m  [1m[34mSELECT "schema_migrations"."version" FROM "schema_migrations" ORDER BY "schema_migrations"."version" ASC[0m
Migrating to CreateArticles (20211105115054)
  [1m[36mTRANSACTION (0.0ms)[0m  [1m[36mbegin transaction[0m
  [1m[35m (0.2ms)[0m  [1m[35mCREATE TABLE "articles" ("id" integer PRIMARY KEY AUTOINCREMENT NOT NULL, "title" varchar, "body" text, "created_at" datetime(6) NOT NULL, "updated_at" datetime(6) NOT NULL)[0m
  [1m[36mActiveRecord::SchemaMigration Create (0.1ms)[0m  [1m[32mINSERT INTO "schema_migrations" ("version") VALUES (?)[0m  [["version", "20211105115054"]]
  [1m[36mTRANSACTION (3.6ms)[0m  [1m[36mcommit transaction[0m
  [1m[36mActiveRecord::InternalMetadata Load (0.1ms)[0m  [1m[34mSELECT "ar_internal_metadata".* FROM "ar_internal_metadata" WHERE "ar_internal_metadata"."key" = ? LIMIT ?[0m  [["key", "environment"], ["LIMIT", 1]]
  [1m[36mTRANSACTION (0.1ms)[0m  [1m[36mbegin transaction[0m
  [1m[36mActiveRecord::InternalMetadata Create (0.2ms)[0m  [1m[32mINSERT INTO "ar_internal_metadata" ("key", "value", "created_at", "updated_at") VALUES (?, ?, ?, ?)[0m  [["key", "environment"], ["value", "development"], ["created_at", "2021-11-05 11:55:41.205612"], ["updated_at", "2021-11-05 11:55:41.205612"]]
  [1m[36mTRANSACTION (2.7ms)[0m  [1m[36mcommit transaction[0m
  [1m[35m (0.0ms)[0m  [1m[34mSELECT sqlite_version(*)[0m
  [1m[35m (0.1ms)[0m  [1m[34mSELECT "schema_migrations"."version" FROM "schema_migrations" ORDER BY "schema_migrations"."version" ASC[0m
  [1m[35m (0.3ms)[0m  [1m[34mSELECT sqlite_version(*)[0m
  [1m[36mTRANSACTION (0.1ms)[0m  [1m[36mbegin transaction[0m
  [1m[36mArticle Create (0.7ms)[0m  [1m[32mINSERT INTO "articles" ("title", "body", "created_at", "updated_at") VALUES (?, ?, ?, ?)[0m  [["title", "My fav food"], ["body", "Brassoi"], ["created_at", "2021-11-05 11:59:06.809965"], ["updated_at", "2021-11-05 11:59:06.809965"]]
  [1m[36mTRANSACTION (5.8ms)[0m  [1m[36mcommit transaction[0m
  [1m[36mArticle Load (0.2ms)[0m  [1m[34mSELECT "articles".* FROM "articles" WHERE "articles"."id" = ? LIMIT ?[0m  [["id", 1], ["LIMIT", 1]]
  [1m[36mArticle Load (0.1ms)[0m  [1m[34mSELECT "articles".* FROM "articles" /* loading for inspect */ LIMIT ?[0m  [["LIMIT", 11]]
  [1m[36mTRANSACTION (0.0ms)[0m  [1m[36mbegin transaction[0m
  [1m[36mArticle Create (0.3ms)[0m  [1m[32mINSERT INTO "articles" ("title", "body", "created_at", "updated_at") VALUES (?, ?, ?, ?)[0m  [["title", "fav music genre"], ["body", "grindcore"], ["created_at", "2021-11-05 12:29:19.107476"], ["updated_at", "2021-11-05 12:29:19.107476"]]
  [1m[36mTRANSACTION (5.8ms)[0m  [1m[36mcommit transaction[0m
  [1m[36mArticle Load (0.1ms)[0m  [1m[34mSELECT "articles".* FROM "articles" /* loading for inspect */ LIMIT ?[0m  [["LIMIT", 11]]
Started GET "/" for ::1 at 2021-11-05 13:33:11 +0100
  [1m[35m (0.1ms)[0m  [1m[34mSELECT sqlite_version(*)[0m
  [1m[35m (0.1ms)[0m  [1m[34mSELECT "schema_migrations"."version" FROM "schema_migrations" ORDER BY "schema_migrations"."version" ASC[0m
  
ActiveRecord::PendingMigrationError (

Migrations are pending. To resolve this issue, run:

        bin/rails db:migrate RAILS_ENV=development

You have 0 pending migration:



):
  
activerecord (6.1.4.1) lib/active_record/migration.rb:625:in `check_pending!'
activerecord (6.1.4.1) lib/active_record/migration.rb:590:in `block (2 levels) in call'
activesupport (6.1.4.1) lib/active_support/evented_file_update_checker.rb:59:in `execute'
activesupport (6.1.4.1) lib/active_support/evented_file_update_checker.rb:65:in `execute_if_updated'
activerecord (6.1.4.1) lib/active_record/migration.rb:597:in `block in call'
activerecord (6.1.4.1) lib/active_record/migration.rb:587:in `synchronize'
activerecord (6.1.4.1) lib/active_record/migration.rb:587:in `call'
actionpack (6.1.4.1) lib/action_dispatch/middleware/callbacks.rb:27:in `block in call'
activesupport (6.1.4.1) lib/active_support/callbacks.rb:98:in `run_callbacks'
actionpack (6.1.4.1) lib/action_dispatch/middleware/callbacks.rb:26:in `call'
actionpack (6.1.4.1) lib/action_dispatch/middleware/executor.rb:14:in `call'
actionpack (6.1.4.1) lib/action_dispatch/middleware/actionable_exceptions.rb:18:in `call'
actionpack (6.1.4.1) lib/action_dispatch/middleware/debug_exceptions.rb:29:in `call'
web-console (4.1.0) lib/web_console/middleware.rb:132:in `call_app'
web-console (4.1.0) lib/web_console/middleware.rb:28:in `block in call'
web-console (4.1.0) lib/web_console/middleware.rb:17:in `catch'
web-console (4.1.0) lib/web_console/middleware.rb:17:in `call'
actionpack (6.1.4.1) lib/action_dispatch/middleware/show_exceptions.rb:33:in `call'
railties (6.1.4.1) lib/rails/rack/logger.rb:37:in `call_app'
railties (6.1.4.1) lib/rails/rack/logger.rb:26:in `block in call'
activesupport (6.1.4.1) lib/active_support/tagged_logging.rb:99:in `block in tagged'
activesupport (6.1.4.1) lib/active_support/tagged_logging.rb:37:in `tagged'
activesupport (6.1.4.1) lib/active_support/tagged_logging.rb:99:in `tagged'
railties (6.1.4.1) lib/rails/rack/logger.rb:26:in `call'
sprockets-rails (3.2.2) lib/sprockets/rails/quiet_assets.rb:13:in `call'
actionpack (6.1.4.1) lib/action_dispatch/middleware/remote_ip.rb:81:in `call'
actionpack (6.1.4.1) lib/action_dispatch/middleware/request_id.rb:26:in `call'
rack (2.2.3) lib/rack/method_override.rb:24:in `call'
rack (2.2.3) lib/rack/runtime.rb:22:in `call'
activesupport (6.1.4.1) lib/active_support/cache/strategy/local_cache_middleware.rb:29:in `call'
actionpack (6.1.4.1) lib/action_dispatch/middleware/executor.rb:14:in `call'
actionpack (6.1.4.1) lib/action_dispatch/middleware/static.rb:24:in `call'
rack (2.2.3) lib/rack/sendfile.rb:110:in `call'
actionpack (6.1.4.1) lib/action_dispatch/middleware/host_authorization.rb:98:in `call'
rack-mini-profiler (2.3.3) lib/mini_profiler/profiler.rb:393:in `call'
webpacker (5.4.3) lib/webpacker/dev_server_proxy.rb:25:in `perform_request'
rack-proxy (0.7.0) lib/rack/proxy.rb:63:in `call'
railties (6.1.4.1) lib/rails/engine.rb:539:in `call'
puma (5.5.2) lib/puma/configuration.rb:249:in `call'
puma (5.5.2) lib/puma/request.rb:77:in `block in handle_request'
puma (5.5.2) lib/puma/thread_pool.rb:340:in `with_force_shutdown'
puma (5.5.2) lib/puma/request.rb:76:in `handle_request'
puma (5.5.2) lib/puma/server.rb:447:in `process_client'
puma (5.5.2) lib/puma/thread_pool.rb:147:in `block in spawn_thread'
Started POST "/rails/actions" for ::1 at 2021-11-05 13:33:43 +0100
  [1m[35m (0.0ms)[0m  [1m[34mSELECT "schema_migrations"."version" FROM "schema_migrations" ORDER BY "schema_migrations"."version" ASC[0m
  [1m[36mActiveRecord::InternalMetadata Load (0.1ms)[0m  [1m[34mSELECT "ar_internal_metadata".* FROM "ar_internal_metadata" WHERE "ar_internal_metadata"."key" = ? LIMIT ?[0m  [["key", "environment"], ["LIMIT", 1]]
  [1m[35mCACHE  (0.0ms)[0m  [1m[34mSELECT "schema_migrations"."version" FROM "schema_migrations" ORDER BY "schema_migrations"."version" ASC[0m
Started GET "/" for ::1 at 2021-11-05 13:33:43 +0100
  [1m[35m (0.1ms)[0m  [1m[34mSELECT "schema_migrations"."version" FROM "schema_migrations" ORDER BY "schema_migrations"."version" ASC[0m
Processing by ArticlesController#index as HTML
  Rendering layout layouts/application.html.erb
  Rendering articles/index.html.erb within layouts/application
  Rendered articles/index.html.erb within layouts/application (Duration: 0.1ms | Allocations: 38)
[Webpacker] Everything's up-to-date. Nothing to do
  Rendered layout layouts/application.html.erb (Duration: 2.9ms | Allocations: 3020)
Completed 200 OK in 4ms (Views: 3.5ms | ActiveRecord: 0.0ms | Allocations: 3787)


Started GET "/" for ::1 at 2021-11-05 13:33:45 +0100
Processing by ArticlesController#index as HTML
  Rendering layout layouts/application.html.erb
  Rendering articles/index.html.erb within layouts/application
  Rendered articles/index.html.erb within layouts/application (Duration: 0.1ms | Allocations: 38)
[Webpacker] Everything's up-to-date. Nothing to do
  Rendered layout layouts/application.html.erb (Duration: 4.5ms | Allocations: 3019)
Completed 200 OK in 7ms (Views: 5.8ms | Allocations: 3778)


Started GET "/" for ::1 at 2021-11-05 13:33:46 +0100
Processing by ArticlesController#index as HTML
  Rendering layout layouts/application.html.erb
  Rendering articles/index.html.erb within layouts/application
  Rendered articles/index.html.erb within layouts/application (Duration: 0.1ms | Allocations: 38)
[Webpacker] Everything's up-to-date. Nothing to do
  Rendered layout layouts/application.html.erb (Duration: 2.7ms | Allocations: 3005)
Completed 200 OK in 3ms (Views: 3.0ms | Allocations: 3392)


Started GET "/" for ::1 at 2021-11-05 13:33:47 +0100
Processing by ArticlesController#index as HTML
  Rendering layout layouts/application.html.erb
  Rendering articles/index.html.erb within layouts/application
  Rendered articles/index.html.erb within layouts/application (Duration: 0.1ms | Allocations: 38)
[Webpacker] Everything's up-to-date. Nothing to do
  Rendered layout layouts/application.html.erb (Duration: 2.7ms | Allocations: 3005)
Completed 200 OK in 3ms (Views: 3.0ms | Allocations: 3392)


  [1m[36mArticle Load (0.1ms)[0m  [1m[34mSELECT "articles".* FROM "articles" /* loading for inspect */ LIMIT ?[0m  [["LIMIT", 11]]
Started GET "/" for ::1 at 2021-11-05 13:34:07 +0100
Processing by ArticlesController#index as HTML
  Rendering layout layouts/application.html.erb
  Rendering articles/index.html.erb within layouts/application
  Rendered articles/index.html.erb within layouts/application (Duration: 0.1ms | Allocations: 38)
[Webpacker] Everything's up-to-date. Nothing to do
  Rendered layout layouts/application.html.erb (Duration: 2.7ms | Allocations: 3006)
Completed 200 OK in 3ms (Views: 3.0ms | Allocations: 3399)


Started GET "/" for ::1 at 2021-11-05 13:34:07 +0100
Processing by ArticlesController#index as HTML
  Rendering layout layouts/application.html.erb
  Rendering articles/index.html.erb within layouts/application
  Rendered articles/index.html.erb within layouts/application (Duration: 0.1ms | Allocations: 38)
[Webpacker] Everything's up-to-date. Nothing to do
  Rendered layout layouts/application.html.erb (Duration: 2.7ms | Allocations: 3005)
Completed 200 OK in 3ms (Views: 3.0ms | Allocations: 3392)


Started GET "/" for ::1 at 2021-11-05 13:34:08 +0100
Processing by ArticlesController#index as HTML
  Rendering layout layouts/application.html.erb
  Rendering articles/index.html.erb within layouts/application
  Rendered articles/index.html.erb within layouts/application (Duration: 0.1ms | Allocations: 38)
[Webpacker] Everything's up-to-date. Nothing to do
  Rendered layout layouts/application.html.erb (Duration: 2.7ms | Allocations: 3005)
Completed 200 OK in 3ms (Views: 3.0ms | Allocations: 3392)


Started GET "/" for ::1 at 2021-11-05 13:34:09 +0100
Processing by ArticlesController#index as HTML
  Rendering layout layouts/application.html.erb
  Rendering articles/index.html.erb within layouts/application
  Rendered articles/index.html.erb within layouts/application (Duration: 0.1ms | Allocations: 38)
[Webpacker] Everything's up-to-date. Nothing to do
  Rendered layout layouts/application.html.erb (Duration: 2.7ms | Allocations: 3005)
Completed 200 OK in 3ms (Views: 3.0ms | Allocations: 3398)


Started GET "/" for ::1 at 2021-11-05 13:34:09 +0100
Processing by ArticlesController#index as HTML
  Rendering layout layouts/application.html.erb
  Rendering articles/index.html.erb within layouts/application
  Rendered articles/index.html.erb within layouts/application (Duration: 0.1ms | Allocations: 38)
[Webpacker] Everything's up-to-date. Nothing to do
  Rendered layout layouts/application.html.erb (Duration: 2.7ms | Allocations: 3005)
Completed 200 OK in 3ms (Views: 3.0ms | Allocations: 3393)


Started GET "/" for ::1 at 2021-11-05 13:34:10 +0100
Processing by ArticlesController#index as HTML
  Rendering layout layouts/application.html.erb
  Rendering articles/index.html.erb within layouts/application
  Rendered articles/index.html.erb within layouts/application (Duration: 0.1ms | Allocations: 38)
[Webpacker] Everything's up-to-date. Nothing to do
  Rendered layout layouts/application.html.erb (Duration: 2.8ms | Allocations: 3005)
Completed 200 OK in 3ms (Views: 3.1ms | Allocations: 3392)


Started GET "/" for ::1 at 2021-11-05 13:34:21 +0100
Processing by ArticlesController#index as HTML
  Rendering layout layouts/application.html.erb
  Rendering articles/index.html.erb within layouts/application
  [1m[35m (0.1ms)[0m  [1m[34mSELECT sqlite_version(*)[0m
  ↳ app/views/articles/index.html.erb:4
  [1m[36mArticle Load (0.1ms)[0m  [1m[34mSELECT "articles".* FROM "articles"[0m
  ↳ app/views/articles/index.html.erb:4
  Rendered articles/index.html.erb within layouts/application (Duration: 5.8ms | Allocations: 4052)
[Webpacker] Everything's up-to-date. Nothing to do
  Rendered layout layouts/application.html.erb (Duration: 8.9ms | Allocations: 7193)
Completed 200 OK in 10ms (Views: 9.8ms | ActiveRecord: 0.7ms | Allocations: 8289)


Started GET "/" for ::1 at 2021-11-05 13:34:52 +0100
Processing by ArticlesController#index as HTML
  Rendering layout layouts/application.html.erb
  Rendering articles/index.html.erb within layouts/application
  [1m[36mArticle Load (0.1ms)[0m  [1m[34mSELECT "articles".* FROM "articles"[0m
  ↳ app/views/articles/index.html.erb:4
  Rendered articles/index.html.erb within layouts/application (Duration: 1.5ms | Allocations: 840)
[Webpacker] Everything's up-to-date. Nothing to do
  Rendered layout layouts/application.html.erb (Duration: 4.5ms | Allocations: 3992)
Completed 200 OK in 6ms (Views: 5.4ms | ActiveRecord: 0.1ms | Allocations: 5086)


Started GET "/articles/1" for ::1 at 2021-11-05 13:46:27 +0100
Processing by ArticlesController#show as HTML
  Parameters: {"id"=>"1"}
  [1m[35m (0.1ms)[0m  [1m[34mSELECT sqlite_version(*)[0m
  ↳ app/controllers/articles_controller.rb:7:in `show'
  [1m[36mArticle Load (0.1ms)[0m  [1m[34mSELECT "articles".* FROM "articles" WHERE "articles"."id" = ? LIMIT ?[0m  [["id", 1], ["LIMIT", 1]]
  ↳ app/controllers/articles_controller.rb:7:in `show'
  Rendering layout layouts/application.html.erb
  Rendering articles/show.html.erb within layouts/application
  Rendered articles/show.html.erb within layouts/application (Duration: 0.3ms | Allocations: 145)
[Webpacker] Everything's up-to-date. Nothing to do
  Rendered layout layouts/application.html.erb (Duration: 3.5ms | Allocations: 3276)
Completed 200 OK in 10ms (Views: 4.5ms | ActiveRecord: 0.3ms | Allocations: 7874)


Started GET "/articles/2" for ::1 at 2021-11-05 13:46:40 +0100
Processing by ArticlesController#show as HTML
  Parameters: {"id"=>"2"}
  [1m[36mArticle Load (0.1ms)[0m  [1m[34mSELECT "articles".* FROM "articles" WHERE "articles"."id" = ? LIMIT ?[0m  [["id", 2], ["LIMIT", 1]]
  ↳ app/controllers/articles_controller.rb:7:in `show'
  Rendering layout layouts/application.html.erb
  Rendering articles/show.html.erb within layouts/application
  Rendered articles/show.html.erb within layouts/application (Duration: 0.2ms | Allocations: 42)
[Webpacker] Everything's up-to-date. Nothing to do
  Rendered layout layouts/application.html.erb (Duration: 3.5ms | Allocations: 3010)
Completed 200 OK in 5ms (Views: 3.9ms | ActiveRecord: 0.1ms | Allocations: 3921)


Started GET "/" for ::1 at 2021-11-05 13:48:04 +0100
Processing by ArticlesController#index as HTML
  Rendering layout layouts/application.html.erb
  Rendering articles/index.html.erb within layouts/application
  [1m[36mArticle Load (0.1ms)[0m  [1m[34mSELECT "articles".* FROM "articles"[0m
  ↳ app/views/articles/index.html.erb:4
  Rendered articles/index.html.erb within layouts/application (Duration: 1.5ms | Allocations: 865)
[Webpacker] Everything's up-to-date. Nothing to do
  Rendered layout layouts/application.html.erb (Duration: 4.4ms | Allocations: 4006)
Completed 200 OK in 6ms (Views: 5.2ms | ActiveRecord: 0.1ms | Allocations: 5098)


Started GET "/articles/1" for ::1 at 2021-11-05 13:48:06 +0100
Processing by ArticlesController#show as HTML
  Parameters: {"id"=>"1"}
  [1m[36mArticle Load (0.1ms)[0m  [1m[34mSELECT "articles".* FROM "articles" WHERE "articles"."id" = ? LIMIT ?[0m  [["id", 1], ["LIMIT", 1]]
  ↳ app/controllers/articles_controller.rb:7:in `show'
  Rendering layout layouts/application.html.erb
  Rendering articles/show.html.erb within layouts/application
  Rendered articles/show.html.erb within layouts/application (Duration: 0.3ms | Allocations: 136)
[Webpacker] Everything's up-to-date. Nothing to do
  Rendered layout layouts/application.html.erb (Duration: 3.0ms | Allocations: 3138)
Completed 200 OK in 5ms (Views: 3.4ms | ActiveRecord: 0.1ms | Allocations: 4175)


Started GET "/articles/2" for ::1 at 2021-11-05 13:48:08 +0100
Processing by ArticlesController#show as HTML
  Parameters: {"id"=>"2"}
  [1m[36mArticle Load (0.1ms)[0m  [1m[34mSELECT "articles".* FROM "articles" WHERE "articles"."id" = ? LIMIT ?[0m  [["id", 2], ["LIMIT", 1]]
  ↳ app/controllers/articles_controller.rb:7:in `show'
  Rendering layout layouts/application.html.erb
  Rendering articles/show.html.erb within layouts/application
  Rendered articles/show.html.erb within layouts/application (Duration: 0.1ms | Allocations: 42)
[Webpacker] Everything's up-to-date. Nothing to do
  Rendered layout layouts/application.html.erb (Duration: 4.9ms | Allocations: 3679)
Completed 200 OK in 7ms (Views: 5.3ms | ActiveRecord: 0.1ms | Allocations: 4593)


Started GET "/articles/1" for ::1 at 2021-11-05 13:48:20 +0100
Processing by ArticlesController#show as HTML
  Parameters: {"id"=>"1"}
  [1m[36mArticle Load (0.1ms)[0m  [1m[34mSELECT "articles".* FROM "articles" WHERE "articles"."id" = ? LIMIT ?[0m  [["id", 1], ["LIMIT", 1]]
  ↳ app/controllers/articles_controller.rb:7:in `show'
  Rendering layout layouts/application.html.erb
  Rendering articles/show.html.erb within layouts/application
  Rendered articles/show.html.erb within layouts/application (Duration: 0.1ms | Allocations: 42)
[Webpacker] Everything's up-to-date. Nothing to do
  Rendered layout layouts/application.html.erb (Duration: 3.7ms | Allocations: 3679)
Completed 200 OK in 5ms (Views: 4.1ms | ActiveRecord: 0.1ms | Allocations: 4591)


Started GET "/articles/2" for ::1 at 2021-11-05 13:48:22 +0100
Processing by ArticlesController#show as HTML
  Parameters: {"id"=>"2"}
  [1m[36mArticle Load (0.1ms)[0m  [1m[34mSELECT "articles".* FROM "articles" WHERE "articles"."id" = ? LIMIT ?[0m  [["id", 2], ["LIMIT", 1]]
  ↳ app/controllers/articles_controller.rb:7:in `show'
  Rendering layout layouts/application.html.erb
  Rendering articles/show.html.erb within layouts/application
  Rendered articles/show.html.erb within layouts/application (Duration: 0.1ms | Allocations: 42)
[Webpacker] Everything's up-to-date. Nothing to do
  Rendered layout layouts/application.html.erb (Duration: 4.5ms | Allocations: 3671)
Completed 200 OK in 6ms (Views: 4.9ms | ActiveRecord: 0.1ms | Allocations: 4583)


